app/build/intermediates/manifest_merge_blame_file/debug/manifest-merger-blame-debug-report.txt
1<?xml version="1.0" encoding="utf-8"?>
2<manifest xmlns:android="http://schemas.android.com/apk/res/android"
3    package="com.wangyiheng.vcamsx"
4    android:versionCode="5"
5    android:versionName="1.0.9" >
6
7    <uses-sdk
8        android:minSdkVersion="24"
9        android:targetSdkVersion="34" />
10
11    <uses-permission android:name="android.permission.READ_EXTERNAL_STORAGE" />
11-->src/main/AndroidManifest.xml:4:5-79
11-->src/main/AndroidManifest.xml:4:22-77
12    <uses-permission android:name="android.permission.WRITE_EXTERNAL_STORAGE" />
12-->src/main/AndroidManifest.xml:5:5-80
12-->src/main/AndroidManifest.xml:5:22-78
13    <uses-permission android:name="android.permission.READ_MEDIA_IMAGES" />
13-->src/main/AndroidManifest.xml:6:5-75
13-->src/main/AndroidManifest.xml:6:22-73
14    <uses-permission android:name="android.permission.READ_MEDIA_VIDEO" />
14-->src/main/AndroidManifest.xml:7:5-74
14-->src/main/AndroidManifest.xml:7:22-72
15    <uses-permission android:name="android.permission.WRITE_MEDIA_IMAGES" />
15-->src/main/AndroidManifest.xml:8:5-76
15-->src/main/AndroidManifest.xml:8:22-74
16    <uses-permission android:name="android.permission.WRITE_MEDIA_VIDEO" />
16-->src/main/AndroidManifest.xml:9:5-75
16-->src/main/AndroidManifest.xml:9:22-73
17    <uses-permission android:name="android.permission.SYSTEM_ALERT_WINDOW" />
17-->src/main/AndroidManifest.xml:10:5-77
17-->src/main/AndroidManifest.xml:10:22-75
18    <uses-permission android:name="android.permission.FOREGROUND_SERVICE" />
18-->src/main/AndroidManifest.xml:11:5-76
18-->src/main/AndroidManifest.xml:11:22-74
19    <uses-permission android:name="android.permission.INTERNET" />
19-->src/main/AndroidManifest.xml:12:5-67
19-->src/main/AndroidManifest.xml:12:22-64
20    <uses-permission android:name="android.permission.WAKE_LOCK" />
20-->src/main/AndroidManifest.xml:13:5-67
20-->src/main/AndroidManifest.xml:13:22-65
21    <uses-permission android:name="android.permission.ACCESS_NETWORK_STATE" />
21-->src/main/AndroidManifest.xml:14:5-78
21-->src/main/AndroidManifest.xml:14:22-76
22    <uses-permission android:name="android.permission.MOUNT_UNMOUNT_FILESYSTEMS" />
22-->src/main/AndroidManifest.xml:15:5-119
22-->src/main/AndroidManifest.xml:15:22-81
23
24    <permission
24-->[androidx.core:core:1.9.0] AndroidManifest.xml:22:5-24:47
25        android:name="com.wangyiheng.vcamsx.DYNAMIC_RECEIVER_NOT_EXPORTED_PERMISSION"
25-->[androidx.core:core:1.9.0] AndroidManifest.xml:23:9-81
26        android:protectionLevel="signature" />
26-->[androidx.core:core:1.9.0] AndroidManifest.xml:24:9-44
27
28    <uses-permission android:name="com.wangyiheng.vcamsx.DYNAMIC_RECEIVER_NOT_EXPORTED_PERMISSION" />
28-->[androidx.core:core:1.9.0] AndroidManifest.xml:26:5-97
28-->[androidx.core:core:1.9.0] AndroidManifest.xml:26:22-94
29
30    <application
30-->src/main/AndroidManifest.xml:17:5-66:19
31        android:name="com.wangyiheng.vcamsx.MyApplication"
31-->src/main/AndroidManifest.xml:18:13-41
32        android:allowBackup="true"
32-->src/main/AndroidManifest.xml:19:13-39
33        android:allowNativeHeapPointerTagging="false"
33-->src/main/AndroidManifest.xml:27:13-58
34        android:appComponentFactory="androidx.core.app.CoreComponentFactory"
34-->[androidx.core:core:1.9.0] AndroidManifest.xml:28:18-86
35        android:dataExtractionRules="@xml/data_extraction_rules"
35-->src/main/AndroidManifest.xml:20:13-69
36        android:debuggable="true"
37        android:extractNativeLibs="false"
38        android:fullBackupContent="@xml/backup_rules"
38-->src/main/AndroidManifest.xml:21:13-58
39        android:icon="@mipmap/ic_launcher"
39-->src/main/AndroidManifest.xml:22:13-47
40        android:label="@string/app_name"
40-->src/main/AndroidManifest.xml:23:13-45
41        android:roundIcon="@mipmap/ic_launcher_round"
41-->src/main/AndroidManifest.xml:24:13-58
42        android:supportsRtl="true"
42-->src/main/AndroidManifest.xml:25:13-39
43        android:theme="@style/Theme.VCAMSX" >
43-->src/main/AndroidManifest.xml:26:13-48
44        <activity
44-->src/main/AndroidManifest.xml:29:9-39:20
45            android:name="com.wangyiheng.vcamsx.MainActivity"
45-->src/main/AndroidManifest.xml:30:17-45
46            android:exported="true"
46-->src/main/AndroidManifest.xml:31:17-40
47            android:label="@string/app_name"
47-->src/main/AndroidManifest.xml:32:17-49
48            android:theme="@style/Theme.VCAMSX" >
48-->src/main/AndroidManifest.xml:33:17-52
49            <intent-filter>
49-->src/main/AndroidManifest.xml:34:13-38:29
50                <action android:name="android.intent.action.MAIN" />
50-->src/main/AndroidManifest.xml:35:17-68
50-->src/main/AndroidManifest.xml:35:25-66
51
52                <category android:name="android.intent.category.LAUNCHER" />
52-->src/main/AndroidManifest.xml:37:17-76
52-->src/main/AndroidManifest.xml:37:27-74
53            </intent-filter>
54        </activity>
55
56        <meta-data
56-->src/main/AndroidManifest.xml:40:9-42:39
57            android:name="xposedmodule"
57-->src/main/AndroidManifest.xml:41:17-44
58            android:value="true" />
58-->src/main/AndroidManifest.xml:42:17-37
59        <!-- 模块的简介（在框架中显示） -->
60        <meta-data
60-->src/main/AndroidManifest.xml:44:9-46:40
61            android:name="xposeddescription"
61-->src/main/AndroidManifest.xml:45:17-49
62            android:value="虚拟摄像" />
62-->src/main/AndroidManifest.xml:46:17-37
63        <!-- 模块最低支持的Api版本 一般填54即可 -->
64        <meta-data
64-->src/main/AndroidManifest.xml:48:9-50:37
65            android:name="xposedminversion"
65-->src/main/AndroidManifest.xml:49:17-48
66            android:value="54" />
66-->src/main/AndroidManifest.xml:50:17-35
67
68        <provider
68-->src/main/AndroidManifest.xml:52:9-57:20
69            android:name="com.wangyiheng.vcamsx.utils.VideoProvider"
69-->src/main/AndroidManifest.xml:53:17-52
70            android:authorities="com.wangyiheng.vcamsx.videoprovider"
70-->src/main/AndroidManifest.xml:54:17-74
71            android:exported="true"
71-->src/main/AndroidManifest.xml:55:17-40
72            android:grantUriPermissions="true" >
72-->src/main/AndroidManifest.xml:56:17-51
73        </provider>
74        <provider
74-->src/main/AndroidManifest.xml:59:9-62:42
75            android:name="com.wangyiheng.vcamsx.utils.MultiprocessSharedPreferences"
75-->src/main/AndroidManifest.xml:60:17-68
76            android:authorities="com.wangyiheng.vcamsx.preferences"
76-->src/main/AndroidManifest.xml:61:17-72
77            android:exported="true" />
77-->src/main/AndroidManifest.xml:62:17-40
78
79        <service
79-->src/main/AndroidManifest.xml:65:13-136
80            android:name="com.wangyiheng.vcamsx.FloatingControlsService"
80-->src/main/AndroidManifest.xml:65:22-61
81            android:exported="false"
81-->src/main/AndroidManifest.xml:65:62-86
82            android:foregroundServiceType="mediaProjection" />
82-->src/main/AndroidManifest.xml:65:87-134
83
84        <activity
84-->[androidx.compose.ui:ui-test-manifest:1.4.0] AndroidManifest.xml:23:9-25:39
85            android:name="androidx.activity.ComponentActivity"
85-->[androidx.compose.ui:ui-test-manifest:1.4.0] AndroidManifest.xml:24:13-63
86            android:exported="true" />
86-->[androidx.compose.ui:ui-test-manifest:1.4.0] AndroidManifest.xml:25:13-36
87        <activity
87-->[androidx.compose.ui:ui-tooling:1.4.0] AndroidManifest.xml:23:9-25:39
88            android:name="androidx.compose.ui.tooling.PreviewActivity"
88-->[androidx.compose.ui:ui-tooling:1.4.0] AndroidManifest.xml:24:13-71
89            android:exported="true" />
89-->[androidx.compose.ui:ui-tooling:1.4.0] AndroidManifest.xml:25:13-36
90
91        <provider
91-->[androidx.emoji2:emoji2:1.3.0] AndroidManifest.xml:24:9-32:20
92            android:name="androidx.startup.InitializationProvider"
92-->[androidx.emoji2:emoji2:1.3.0] AndroidManifest.xml:25:13-67
93            android:authorities="com.wangyiheng.vcamsx.androidx-startup"
93-->[androidx.emoji2:emoji2:1.3.0] AndroidManifest.xml:26:13-68
94            android:exported="false" >
94-->[androidx.emoji2:emoji2:1.3.0] AndroidManifest.xml:27:13-37
95            <meta-data
95-->[androidx.emoji2:emoji2:1.3.0] AndroidManifest.xml:29:13-31:52
96                android:name="androidx.emoji2.text.EmojiCompatInitializer"
96-->[androidx.emoji2:emoji2:1.3.0] AndroidManifest.xml:30:17-75
97                android:value="androidx.startup" />
97-->[androidx.emoji2:emoji2:1.3.0] AndroidManifest.xml:31:17-49
98            <meta-data
98-->[androidx.lifecycle:lifecycle-process:2.6.2] AndroidManifest.xml:29:13-31:52
99                android:name="androidx.lifecycle.ProcessLifecycleInitializer"
99-->[androidx.lifecycle:lifecycle-process:2.6.2] AndroidManifest.xml:30:17-78
100                android:value="androidx.startup" />
100-->[androidx.lifecycle:lifecycle-process:2.6.2] AndroidManifest.xml:31:17-49
101            <meta-data
101-->[androidx.profileinstaller:profileinstaller:1.3.0] AndroidManifest.xml:29:13-31:52
102                android:name="androidx.profileinstaller.ProfileInstallerInitializer"
102-->[androidx.profileinstaller:profileinstaller:1.3.0] AndroidManifest.xml:30:17-85
103                android:value="androidx.startup" />
103-->[androidx.profileinstaller:profileinstaller:1.3.0] AndroidManifest.xml:31:17-49
104        </provider>
105
106        <receiver
106-->[androidx.profileinstaller:profileinstaller:1.3.0] AndroidManifest.xml:34:9-52:20
107            android:name="androidx.profileinstaller.ProfileInstallReceiver"
107-->[androidx.profileinstaller:profileinstaller:1.3.0] AndroidManifest.xml:35:13-76
108            android:directBootAware="false"
108-->[androidx.profileinstaller:profileinstaller:1.3.0] AndroidManifest.xml:36:13-44
109            android:enabled="true"
109-->[androidx.profileinstaller:profileinstaller:1.3.0] AndroidManifest.xml:37:13-35
110            android:exported="true"
110-->[androidx.profileinstaller:profileinstaller:1.3.0] AndroidManifest.xml:38:13-36
111            android:permission="android.permission.DUMP" >
111-->[androidx.profileinstaller:profileinstaller:1.3.0] AndroidManifest.xml:39:13-57
112            <intent-filter>
112-->[androidx.profileinstaller:profileinstaller:1.3.0] AndroidManifest.xml:40:13-42:29
113                <action android:name="androidx.profileinstaller.action.INSTALL_PROFILE" />
113-->[androidx.profileinstaller:profileinstaller:1.3.0] AndroidManifest.xml:41:17-91
113-->[androidx.profileinstaller:profileinstaller:1.3.0] AndroidManifest.xml:41:25-88
114            </intent-filter>
115            <intent-filter>
115-->[androidx.profileinstaller:profileinstaller:1.3.0] AndroidManifest.xml:43:13-45:29
116                <action android:name="androidx.profileinstaller.action.SKIP_FILE" />
116-->[androidx.profileinstaller:profileinstaller:1.3.0] AndroidManifest.xml:44:17-85
116-->[androidx.profileinstaller:profileinstaller:1.3.0] AndroidManifest.xml:44:25-82
117            </intent-filter>
118            <intent-filter>
118-->[androidx.profileinstaller:profileinstaller:1.3.0] AndroidManifest.xml:46:13-48:29
119                <action android:name="androidx.profileinstaller.action.SAVE_PROFILE" />
119-->[androidx.profileinstaller:profileinstaller:1.3.0] AndroidManifest.xml:47:17-88
119-->[androidx.profileinstaller:profileinstaller:1.3.0] AndroidManifest.xml:47:25-85
120            </intent-filter>
121            <intent-filter>
121-->[androidx.profileinstaller:profileinstaller:1.3.0] AndroidManifest.xml:49:13-51:29
122                <action android:name="androidx.profileinstaller.action.BENCHMARK_OPERATION" />
122-->[androidx.profileinstaller:profileinstaller:1.3.0] AndroidManifest.xml:50:17-95
122-->[androidx.profileinstaller:profileinstaller:1.3.0] AndroidManifest.xml:50:25-92
123            </intent-filter>
124        </receiver>
125    </application>
126
127</manifest>